<?xml version="1.0" encoding="UTF-8"?>
<testsuites name="jest tests" tests="22" failures="0" time="5.65">
  <testsuite name="Test signIn mutation" errors="0" failures="0" skipped="0" timestamp="2019-08-11T10:01:55" time="3.454" tests="4">
    <testcase classname="Test signIn mutation should throw error if username or password was not provided" name="Test signIn mutation should throw error if username or password was not provided" time="0.038">
    </testcase>
    <testcase classname="Test signIn mutation should throw error if user not found" name="Test signIn mutation should throw error if user not found" time="0.011">
    </testcase>
    <testcase classname="Test signIn mutation should throw error if the password is incorrectly" name="Test signIn mutation should throw error if the password is incorrectly" time="0.015">
    </testcase>
    <testcase classname="Test signIn mutation should return user correctly if the user has accessing permission" name="Test signIn mutation should return user correctly if the user has accessing permission" time="0.038">
    </testcase>
  </testsuite>
  <testsuite name="Test createStudents service" errors="0" failures="0" skipped="0" timestamp="2019-08-11T10:01:55" time="3.688" tests="16">
    <testcase classname="Test createStudents service should throw an error if the user data is empty" name="Test createStudents service should throw an error if the user data is empty" time="0.009">
    </testcase>
    <testcase classname="Test createStudents service should throw an error if studentId is not specified" name="Test createStudents service should throw an error if studentId is not specified" time="0.005">
    </testcase>
    <testcase classname="Test createStudents service should throw an error if birthday is not specified" name="Test createStudents service should throw an error if birthday is not specified" time="0.001">
    </testcase>
    <testcase classname="Test createStudents service should throw an error if boardingRoom is not specified" name="Test createStudents service should throw an error if boardingRoom is not specified" time="0.001">
    </testcase>
    <testcase classname="Test createStudents service should throw an error if class is not specified" name="Test createStudents service should throw an error if class is not specified" time="0.001">
    </testcase>
    <testcase classname="Test createStudents service should throw an error if group is not specified" name="Test createStudents service should throw an error if group is not specified" time="0.002">
    </testcase>
    <testcase classname="Test createStudents service should throw an error if hometown is not specified" name="Test createStudents service should throw an error if hometown is not specified" time="0.002">
    </testcase>
    <testcase classname="Test createStudents service should throw an error if schoolYear is not specified" name="Test createStudents service should throw an error if schoolYear is not specified" time="0.002">
    </testcase>
    <testcase classname="Test createStudents service should throw an error if name is not specified" name="Test createStudents service should throw an error if name is not specified" time="0.001">
    </testcase>
    <testcase classname="Test createStudents service should throw an error if sex is not specified" name="Test createStudents service should throw an error if sex is not specified" time="0.004">
    </testcase>
    <testcase classname="Test createStudents service should throw an error if the user group is incorrect" name="Test createStudents service should throw an error if the user group is incorrect" time="0.002">
    </testcase>
    <testcase classname="Test createStudents service should throw an error if birthday is not a date" name="Test createStudents service should throw an error if birthday is not a date" time="0.002">
    </testcase>
    <testcase classname="Test createStudents service should throw error if has one checkerId does not exists" name="Test createStudents service should throw error if has one checkerId does not exists" time="0.016">
    </testcase>
    <testcase classname="Test createStudents service createdStudent.roles should be [&quot;student&quot;]" name="Test createStudents service createdStudent.roles should be [&quot;student&quot;]" time="0.03">
    </testcase>
    <testcase classname="Test createStudents service should return a list of user has not been created if checkerId has assigned to an existing user" name="Test createStudents service should return a list of user has not been created if checkerId has assigned to an existing user" time="0.002">
    </testcase>
    <testcase classname="Test createStudents service should return created or updated user correctly if the studentId does not exists" name="Test createStudents service should return created or updated user correctly if the studentId does not exists" time="0.013">
    </testcase>
  </testsuite>
  <testsuite name="Test authenticate query" errors="0" failures="0" skipped="0" timestamp="2019-08-11T10:01:59" time="0.534" tests="2">
    <testcase classname="Test authenticate query should return null if no user is specified" name="Test authenticate query should return null if no user is specified" time="0.006">
    </testcase>
    <testcase classname="Test authenticate query should return user correctly" name="Test authenticate query should return user correctly" time="0.024">
    </testcase>
  </testsuite>
</testsuites>