<?xml version="1.0" encoding="UTF-8"?>
<testsuites name="jest tests" tests="21" failures="0" time="6.917">
  <testsuite name="Test signIn mutation" errors="0" failures="0" skipped="0" timestamp="2019-08-08T17:56:07" time="2.878" tests="4">
    <testcase classname="Test signIn mutation should throw error if username or password was not provided" name="Test signIn mutation should throw error if username or password was not provided" time="0.021">
    </testcase>
    <testcase classname="Test signIn mutation should throw error if user not found" name="Test signIn mutation should throw error if user not found" time="0.013">
    </testcase>
    <testcase classname="Test signIn mutation should throw error if the password is incorrectly" name="Test signIn mutation should throw error if the password is incorrectly" time="0.01">
    </testcase>
    <testcase classname="Test signIn mutation should return user correctly if the user has accessing permission" name="Test signIn mutation should return user correctly if the user has accessing permission" time="0.041">
    </testcase>
  </testsuite>
  <testsuite name="Test authenticate query" errors="0" failures="0" skipped="0" timestamp="2019-08-08T17:56:10" time="0.597" tests="2">
    <testcase classname="Test authenticate query should return null if no user is specified" name="Test authenticate query should return null if no user is specified" time="0.006">
    </testcase>
    <testcase classname="Test authenticate query should return user correctly" name="Test authenticate query should return user correctly" time="0.061">
    </testcase>
  </testsuite>
  <testsuite name="Test importUserList service" errors="0" failures="0" skipped="0" timestamp="2019-08-08T17:56:07" time="6.166" tests="15">
    <testcase classname="Test importUserList service should throw an error if the user data is empty" name="Test importUserList service should throw an error if the user data is empty" time="0.008">
    </testcase>
    <testcase classname="Test importUserList service should throw an error if studentId is not specified" name="Test importUserList service should throw an error if studentId is not specified" time="0.004">
    </testcase>
    <testcase classname="Test importUserList service should throw an error if birthday is not specified" name="Test importUserList service should throw an error if birthday is not specified" time="0.001">
    </testcase>
    <testcase classname="Test importUserList service should throw an error if boardingRoom is not specified" name="Test importUserList service should throw an error if boardingRoom is not specified" time="0.001">
    </testcase>
    <testcase classname="Test importUserList service should throw an error if class is not specified" name="Test importUserList service should throw an error if class is not specified" time="0.002">
    </testcase>
    <testcase classname="Test importUserList service should throw an error if group is not specified" name="Test importUserList service should throw an error if group is not specified" time="0.001">
    </testcase>
    <testcase classname="Test importUserList service should throw an error if hometown is not specified" name="Test importUserList service should throw an error if hometown is not specified" time="0.001">
    </testcase>
    <testcase classname="Test importUserList service should throw an error if schoolYear is not specified" name="Test importUserList service should throw an error if schoolYear is not specified" time="0">
    </testcase>
    <testcase classname="Test importUserList service should throw an error if name is not specified" name="Test importUserList service should throw an error if name is not specified" time="0">
    </testcase>
    <testcase classname="Test importUserList service should throw an error if sex is not specified" name="Test importUserList service should throw an error if sex is not specified" time="0.001">
    </testcase>
    <testcase classname="Test importUserList service should throw an error if the user group is incorrect" name="Test importUserList service should throw an error if the user group is incorrect" time="0.002">
    </testcase>
    <testcase classname="Test importUserList service should throw an error if birthday is not a date" name="Test importUserList service should throw an error if birthday is not a date" time="0.002">
    </testcase>
    <testcase classname="Test importUserList service should throw error if has one checkerId does not exists" name="Test importUserList service should throw error if has one checkerId does not exists" time="0.011">
    </testcase>
    <testcase classname="Test importUserList service should return a list of user has not been created if checkerId has assigned to an existing user" name="Test importUserList service should return a list of user has not been created if checkerId has assigned to an existing user" time="0.01">
    </testcase>
    <testcase classname="Test importUserList service should return updated user correctly if the studentId already exists" name="Test importUserList service should return updated user correctly if the studentId already exists" time="0.01">
    </testcase>
    <testcase classname="Test importUserList service should return created user correctly if the studentId does not exists" name="Test importUserList service should return created user correctly if the studentId does not exists" time="0">
    </testcase>
  </testsuite>
</testsuites>