<?xml version="1.0" encoding="UTF-8"?>
<testsuites name="jest tests" tests="6" failures="0" time="13.179">
  <testsuite name="Test authenticate query" errors="0" failures="0" skipped="0" timestamp="2019-08-11T15:13:32" time="7.429" tests="2">
    <testcase classname="Test authenticate query should return null if no user is specified" name="Test authenticate query should return null if no user is specified" time="0.045">
    </testcase>
    <testcase classname="Test authenticate query should return user correctly" name="Test authenticate query should return user correctly" time="0.071">
    </testcase>
  </testsuite>
  <testsuite name="Test signIn mutation" errors="0" failures="0" skipped="0" timestamp="2019-08-11T15:13:32" time="7.572" tests="4">
    <testcase classname="Test signIn mutation should throw error if username or password was not provided" name="Test signIn mutation should throw error if username or password was not provided" time="0.044">
    </testcase>
    <testcase classname="Test signIn mutation should throw error if user not found" name="Test signIn mutation should throw error if user not found" time="0.019">
    </testcase>
    <testcase classname="Test signIn mutation should throw error if the password is incorrectly" name="Test signIn mutation should throw error if the password is incorrectly" time="0.014">
    </testcase>
    <testcase classname="Test signIn mutation should return user correctly if the user has accessing permission" name="Test signIn mutation should return user correctly if the user has accessing permission" time="0.088">
    </testcase>
  </testsuite>
</testsuites>